------------------------------------------------------------
/Users/Angelica/anaconda/bin/pip run on Mon Oct 20 15:10:56 2014
Downloading/unpacking PySide
  Getting page https://pypi.python.org/simple/PySide/
  URLs to search for versions for PySide:
  * https://pypi.python.org/simple/PySide/
  Analyzing links from page https://pypi.python.org/simple/pyside/
    Skipping link https://pypi.python.org/packages/2.5/P/PySide/PySide-1.0.0qt472.win32-py2.5.exe#md5=69f00a445406d9725400fbd76b52d7d8 (from https://pypi.python.org/simple/pyside/); unknown archive format: .exe
    Skipping link https://pypi.python.org/packages/2.5/P/PySide/PySide-1.0.1qt472.win32-py2.5.exe#md5=b057b325b160ec6bb3d93bfc6151410b (from https://pypi.python.org/simple/pyside/); unknown archive format: .exe
    Skipping link https://pypi.python.org/packages/2.5/P/PySide/PySide-1.0.2qt472.win32-py2.5.exe#md5=dae0fe0869a024ba0e0d663618b620a4 (from https://pypi.python.org/simple/pyside/); unknown archive format: .exe
    Skipping link https://pypi.python.org/packages/2.6/P/PySide/PySide-1.0.0qt472.win32-py2.6.exe#md5=51cef2d4b33b343cc0b2c4714cebfa30 (from https://pypi.python.org/simple/pyside/); unknown archive format: .exe
    Skipping link https://pypi.python.org/packages/2.6/P/PySide/PySide-1.0.1qt472.win32-py2.6.exe#md5=cee2323616070bd7f4e6c088df0c2f74 (from https://pypi.python.org/simple/pyside/); unknown archive format: .exe
    Skipping link https://pypi.python.org/packages/2.6/P/PySide/PySide-1.0.2qt472.win32-py2.6.exe#md5=c086d0f1c5dd4a6d17d4f75cfeb49efd (from https://pypi.python.org/simple/pyside/); unknown archive format: .exe
    Skipping https://pypi.python.org/packages/2.6/P/PySide/PySide-1.2.2-cp26-none-macosx_10_6_intel.whl#md5=229a86f79bdd00e8a383570a8ddf5a2a (from https://pypi.python.org/simple/pyside/) because it is not compatible with this Python
    Skipping https://pypi.python.org/packages/2.6/P/PySide/PySide-1.2.2-cp26-none-macosx_10_7_intel.whl#md5=90291772587df423d0730f4ff3dcd042 (from https://pypi.python.org/simple/pyside/) because it is not compatible with this Python
    Skipping https://pypi.python.org/packages/2.6/P/PySide/PySide-1.2.2-cp26-none-macosx_10_8_intel.whl#md5=a6d9fb84c41cb0e0a9aec60885f2414b (from https://pypi.python.org/simple/pyside/) because it is not compatible with this Python
    Skipping https://pypi.python.org/packages/2.6/P/PySide/PySide-1.2.2-cp26-none-macosx_10_9_intel.whl#md5=144e682453d5c325723410618e02dcce (from https://pypi.python.org/simple/pyside/) because it is not compatible with this Python
    Skipping https://pypi.python.org/packages/2.6/P/PySide/PySide-1.2.2-cp26-none-win32.whl#md5=9a2a5817f3239a9502330c0d673eb765 (from https://pypi.python.org/simple/pyside/) because it is not compatible with this Python
    Skipping https://pypi.python.org/packages/2.6/P/PySide/PySide-1.2.2-cp26-none-win_amd64.whl#md5=02c5addd2207aa1d1bd8d752aeecd727 (from https://pypi.python.org/simple/pyside/) because it is not compatible with this Python
    Skipping link https://pypi.python.org/packages/2.7/P/PySide/PySide-1.0.0qt472.win32-py2.7.exe#md5=2bb140bf08631673ac996ba8f0e682d0 (from https://pypi.python.org/simple/pyside/); unknown archive format: .exe
    Skipping link https://pypi.python.org/packages/2.7/P/PySide/PySide-1.0.1qt472.win32-py2.7.exe#md5=2aa8545a87a35ee60570712f01e2fe04 (from https://pypi.python.org/simple/pyside/); unknown archive format: .exe
    Skipping link https://pypi.python.org/packages/2.7/P/PySide/PySide-1.0.2qt472.win32-py2.7.exe#md5=876671bbb0976bd8a23ab4af8273cd97 (from https://pypi.python.org/simple/pyside/); unknown archive format: .exe
    Skipping https://pypi.python.org/packages/2.7/P/PySide/PySide-1.2.2-cp27-none-macosx_10_6_intel.whl#md5=697c37ec3a285943a19a26c5dbb1c81e (from https://pypi.python.org/simple/pyside/) because it is not compatible with this Python
    Skipping https://pypi.python.org/packages/2.7/P/PySide/PySide-1.2.2-cp27-none-macosx_10_7_intel.whl#md5=b954ce7678c4d1498bf7bf1746ce87f0 (from https://pypi.python.org/simple/pyside/) because it is not compatible with this Python
    Skipping https://pypi.python.org/packages/2.7/P/PySide/PySide-1.2.2-cp27-none-macosx_10_8_intel.whl#md5=7cbdc5d10cbea272ac1ee8c51ea44d03 (from https://pypi.python.org/simple/pyside/) because it is not compatible with this Python
    Skipping https://pypi.python.org/packages/2.7/P/PySide/PySide-1.2.2-cp27-none-macosx_10_9_intel.whl#md5=a9b2c00690acecc864c97d368b343ab5 (from https://pypi.python.org/simple/pyside/) because it is not compatible with this Python
    Skipping https://pypi.python.org/packages/2.7/P/PySide/PySide-1.2.2-cp27-none-win32.whl#md5=0d201a0034a7150289b254905b320217 (from https://pypi.python.org/simple/pyside/) because it is not compatible with this Python
    Skipping https://pypi.python.org/packages/2.7/P/PySide/PySide-1.2.2-cp27-none-win_amd64.whl#md5=0bbacc1aacc97b78f73999b825b2ee59 (from https://pypi.python.org/simple/pyside/) because it is not compatible with this Python
    Skipping https://pypi.python.org/packages/3.2/P/PySide/PySide-1.2.2-cp32-cp32m-macosx_10_6_intel.whl#md5=19d75dc519fa0b6dd2e4272759eeeb65 (from https://pypi.python.org/simple/pyside/) because it is not compatible with this Python
    Skipping https://pypi.python.org/packages/3.2/P/PySide/PySide-1.2.2-cp32-cp32m-macosx_10_7_intel.whl#md5=61d620aa7676dd2fe940884b50ec2243 (from https://pypi.python.org/simple/pyside/) because it is not compatible with this Python
    Skipping https://pypi.python.org/packages/3.2/P/PySide/PySide-1.2.2-cp32-cp32m-macosx_10_8_intel.whl#md5=ebefff9dbc5a56c4ce75432c4996eb58 (from https://pypi.python.org/simple/pyside/) because it is not compatible with this Python
    Skipping https://pypi.python.org/packages/3.2/P/PySide/PySide-1.2.2-cp32-cp32m-macosx_10_9_intel.whl#md5=8cb24d97dfdfad47b841c234087ac24d (from https://pypi.python.org/simple/pyside/) because it is not compatible with this Python
    Skipping https://pypi.python.org/packages/3.2/P/PySide/PySide-1.2.2-cp32-none-win32.whl#md5=287c92b6a838d0399c9bc72e1c692102 (from https://pypi.python.org/simple/pyside/) because it is not compatible with this Python
    Skipping https://pypi.python.org/packages/3.2/P/PySide/PySide-1.2.2-cp32-none-win_amd64.whl#md5=594a51013e412b97fb5ba4c2eefbaeef (from https://pypi.python.org/simple/pyside/) because it is not compatible with this Python
    Skipping https://pypi.python.org/packages/3.3/P/PySide/PySide-1.2.2-cp33-cp33m-macosx_10_6_intel.whl#md5=c22f321177b914f17a55a7325988044d (from https://pypi.python.org/simple/pyside/) because it is not compatible with this Python
    Skipping https://pypi.python.org/packages/3.3/P/PySide/PySide-1.2.2-cp33-cp33m-macosx_10_7_intel.whl#md5=fb713a825fe447739467367487e3b29a (from https://pypi.python.org/simple/pyside/) because it is not compatible with this Python
    Skipping https://pypi.python.org/packages/3.3/P/PySide/PySide-1.2.2-cp33-cp33m-macosx_10_8_intel.whl#md5=0cf911764951fa5143206325264a34e5 (from https://pypi.python.org/simple/pyside/) because it is not compatible with this Python
    Skipping https://pypi.python.org/packages/3.3/P/PySide/PySide-1.2.2-cp33-cp33m-macosx_10_9_intel.whl#md5=a602565fc30fe8e882d720cca8812d47 (from https://pypi.python.org/simple/pyside/) because it is not compatible with this Python
    Skipping https://pypi.python.org/packages/3.3/P/PySide/PySide-1.2.2-cp33-none-win32.whl#md5=eb144cd65436850ef093630fd32fde54 (from https://pypi.python.org/simple/pyside/) because it is not compatible with this Python
    Skipping https://pypi.python.org/packages/3.3/P/PySide/PySide-1.2.2-cp33-none-win_amd64.whl#md5=8535b07d0435f7ce5481aafd6e379b5a (from https://pypi.python.org/simple/pyside/) because it is not compatible with this Python
    Skipping https://pypi.python.org/packages/3.4/P/PySide/PySide-1.2.2-cp34-cp34m-macosx_10_6_intel.whl#md5=edbe69a457ef3ff7e6a0c9be2c113dfd (from https://pypi.python.org/simple/pyside/) because it is not compatible with this Python
    Skipping https://pypi.python.org/packages/3.4/P/PySide/PySide-1.2.2-cp34-cp34m-macosx_10_7_intel.whl#md5=12e3ed46fed9aa860eb51c76ec912b49 (from https://pypi.python.org/simple/pyside/) because it is not compatible with this Python
    Skipping https://pypi.python.org/packages/3.4/P/PySide/PySide-1.2.2-cp34-cp34m-macosx_10_8_intel.whl#md5=c9dbcb1b5b57994d9a904cd8c9e228f0 (from https://pypi.python.org/simple/pyside/) because it is not compatible with this Python
    Skipping https://pypi.python.org/packages/3.4/P/PySide/PySide-1.2.2-cp34-cp34m-macosx_10_9_intel.whl#md5=2629b426419572350519bd11dbcc0827 (from https://pypi.python.org/simple/pyside/) because it is not compatible with this Python
    Skipping https://pypi.python.org/packages/3.4/P/PySide/PySide-1.2.2-cp34-none-win32.whl#md5=ee48ae91402442b4089b86ef379472e5 (from https://pypi.python.org/simple/pyside/) because it is not compatible with this Python
    Skipping https://pypi.python.org/packages/3.4/P/PySide/PySide-1.2.2-cp34-none-win_amd64.whl#md5=f02e4b44109cc1d0db980a44484f6f90 (from https://pypi.python.org/simple/pyside/) because it is not compatible with this Python
    Skipping https://pypi.python.org/packages/cp26/P/PySide/PySide-1.2.2-cp26-none-macosx_10_6_x86_64.whl#md5=c993cfda13741b0b3709d64a6af78d85 (from https://pypi.python.org/simple/pyside/) because it is not compatible with this Python
    Skipping https://pypi.python.org/packages/cp26/P/PySide/PySide-1.2.2-cp26-none-macosx_10_7_x86_64.whl#md5=b3a19ecacf7bce1ae5dc83bba8968ac2 (from https://pypi.python.org/simple/pyside/) because it is not compatible with this Python
    Skipping https://pypi.python.org/packages/cp26/P/PySide/PySide-1.2.2-cp26-none-macosx_10_8_x86_64.whl#md5=5ab76b1d76c02c9be753bd0993dc05b0 (from https://pypi.python.org/simple/pyside/) because it is not compatible with this Python
    Skipping https://pypi.python.org/packages/cp26/P/PySide/PySide-1.2.2-cp26-none-macosx_10_9_x86_64.whl#md5=6bf29d5623506ebd8ff8944b159f384f (from https://pypi.python.org/simple/pyside/) because it is not compatible with this Python
    Skipping https://pypi.python.org/packages/cp27/P/PySide/PySide-1.2.2-cp27-none-macosx_10_6_x86_64.whl#md5=3f834bc51358b5a68a929bbc908b1c9f (from https://pypi.python.org/simple/pyside/) because it is not compatible with this Python
    Skipping https://pypi.python.org/packages/cp27/P/PySide/PySide-1.2.2-cp27-none-macosx_10_7_x86_64.whl#md5=1739d95db902697dfbb6bf64939d8a64 (from https://pypi.python.org/simple/pyside/) because it is not compatible with this Python
    Skipping https://pypi.python.org/packages/cp27/P/PySide/PySide-1.2.2-cp27-none-macosx_10_8_x86_64.whl#md5=65afb2ec3638b46a07792d66b0ee8f43 (from https://pypi.python.org/simple/pyside/) because it is not compatible with this Python
    Skipping https://pypi.python.org/packages/cp27/P/PySide/PySide-1.2.2-cp27-none-macosx_10_9_x86_64.whl#md5=089568ff0697d90240712f33c0c0c5ea (from https://pypi.python.org/simple/pyside/) because it is not compatible with this Python
    Skipping https://pypi.python.org/packages/cp32/P/PySide/PySide-1.2.2-cp32-cp32m-macosx_10_6_x86_64.whl#md5=76de5ea84c32f531cecab686dceae5cf (from https://pypi.python.org/simple/pyside/) because it is not compatible with this Python
    Skipping https://pypi.python.org/packages/cp32/P/PySide/PySide-1.2.2-cp32-cp32m-macosx_10_7_x86_64.whl#md5=bb53120baf9b43061611f09935cc41bb (from https://pypi.python.org/simple/pyside/) because it is not compatible with this Python
    Skipping https://pypi.python.org/packages/cp32/P/PySide/PySide-1.2.2-cp32-cp32m-macosx_10_8_x86_64.whl#md5=d5eebf28a985010149a4e2185ea9f1c6 (from https://pypi.python.org/simple/pyside/) because it is not compatible with this Python
    Skipping https://pypi.python.org/packages/cp32/P/PySide/PySide-1.2.2-cp32-cp32m-macosx_10_9_x86_64.whl#md5=f90081784eeafcd198e7369be1da823d (from https://pypi.python.org/simple/pyside/) because it is not compatible with this Python
    Skipping https://pypi.python.org/packages/cp33/P/PySide/PySide-1.2.2-cp33-cp33m-macosx_10_6_x86_64.whl#md5=4a5b3878ad1d93baa1472dc1a3427316 (from https://pypi.python.org/simple/pyside/) because it is not compatible with this Python
    Skipping https://pypi.python.org/packages/cp33/P/PySide/PySide-1.2.2-cp33-cp33m-macosx_10_7_x86_64.whl#md5=0f8c531d308d6bc8358df4e15c89d29e (from https://pypi.python.org/simple/pyside/) because it is not compatible with this Python
    Skipping https://pypi.python.org/packages/cp33/P/PySide/PySide-1.2.2-cp33-cp33m-macosx_10_8_x86_64.whl#md5=75b855464ca516467d8a2a7285011c19 (from https://pypi.python.org/simple/pyside/) because it is not compatible with this Python
    Skipping https://pypi.python.org/packages/cp33/P/PySide/PySide-1.2.2-cp33-cp33m-macosx_10_9_x86_64.whl#md5=6ad0d652bcde9173c4f64f6c3caee41e (from https://pypi.python.org/simple/pyside/) because it is not compatible with this Python
    Skipping https://pypi.python.org/packages/cp34/P/PySide/PySide-1.2.2-cp34-cp34m-macosx_10_6_x86_64.whl#md5=c185af4936cfcc7a46eb23735ca4e56a (from https://pypi.python.org/simple/pyside/) because it is not compatible with this Python
    Skipping https://pypi.python.org/packages/cp34/P/PySide/PySide-1.2.2-cp34-cp34m-macosx_10_7_x86_64.whl#md5=f6817f6a411db819a03af46b0f7713c9 (from https://pypi.python.org/simple/pyside/) because it is not compatible with this Python
    Skipping https://pypi.python.org/packages/cp34/P/PySide/PySide-1.2.2-cp34-cp34m-macosx_10_8_x86_64.whl#md5=e636da5e9dfc4fb508be0caac75cdd7a (from https://pypi.python.org/simple/pyside/) because it is not compatible with this Python
    Skipping https://pypi.python.org/packages/cp34/P/PySide/PySide-1.2.2-cp34-cp34m-macosx_10_9_x86_64.whl#md5=640949b27620505336bfb6212317bf01 (from https://pypi.python.org/simple/pyside/) because it is not compatible with this Python
    Found link https://pypi.python.org/packages/source/P/PySide/PySide-1.1.1.tar.gz#md5=5ff99ed6b142420caadfc65b636cc14f (from https://pypi.python.org/simple/pyside/), version: 1.1.1
    Found link https://pypi.python.org/packages/source/P/PySide/PySide-1.1.2.tar.gz#md5=885f8cf2e4c0c46b76568f0c1eae5c43 (from https://pypi.python.org/simple/pyside/), version: 1.1.2
    Found link https://pypi.python.org/packages/source/P/PySide/PySide-1.2.0.tar.gz#md5=a6f8ce6c0ab4ce858a6bdd10a3af3101 (from https://pypi.python.org/simple/pyside/), version: 1.2.0
    Found link https://pypi.python.org/packages/source/P/PySide/PySide-1.2.1.tar.gz#md5=b551d6ff68685013b59e478571f775bf (from https://pypi.python.org/simple/pyside/), version: 1.2.1
    Found link https://pypi.python.org/packages/source/P/PySide/PySide-1.2.2.tar.gz#md5=c45bc400c8a86d6b35f34c29e379e44d (from https://pypi.python.org/simple/pyside/), version: 1.2.2
    Skipping link ftp://ftp.qt.nokia.com/qt/source/qt-win-opensource-4.7.4-vs2008.exe (from https://pypi.python.org/simple/pyside/); unknown archive format: .exe
    Skipping link http://brew.sh/ (from https://pypi.python.org/simple/pyside/); not a file
    Skipping link http://bugs.openbossa.org/ (from https://pypi.python.org/simple/pyside/); not a file
    Skipping link http://developer.qt.nokia.com/wiki/PySideDownloads (from https://pypi.python.org/simple/pyside/); not a file
    Skipping link http://download.qt-project.org/official_releases/pyside/ (from https://pypi.python.org/simple/pyside/); not a file
    Skipping link http://download.qt-project.org/official_releases/qt/4.8/4.8.4/qt-win-opensource-4.8.4-vs2008.exe (from https://pypi.python.org/simple/pyside/); unknown archive format: .exe
    Skipping link http://download.qt-project.org/official_releases/qt/4.8/4.8.5/qt-win-opensource-4.8.5-vs2008.exe (from https://pypi.python.org/simple/pyside/); unknown archive format: .exe
    Skipping link http://download.qt-project.org/official_releases/qt/4.8/4.8.5/qt-win-opensource-4.8.5-vs2010.exe (from https://pypi.python.org/simple/pyside/); unknown archive format: .exe
    Skipping link http://git-scm.com/download/win (from https://pypi.python.org/simple/pyside/); not a file
    Skipping link http://lists.qt-project.org/mailman/listinfo/pyside (from https://pypi.python.org/simple/pyside/); not a file
    Skipping link http://pyside.github.io/docs/pyside/ (from https://pypi.python.org/simple/pyside/); not a file
    Skipping link http://pyside.readthedocs.org/en/latest/building/linux.html (from https://pypi.python.org/simple/pyside/); unknown archive format: .html
    Skipping link http://pyside.readthedocs.org/en/latest/building/macosx.html (from https://pypi.python.org/simple/pyside/); unknown archive format: .html
    Skipping link http://pyside.readthedocs.org/en/latest/building/windows.html (from https://pypi.python.org/simple/pyside/); unknown archive format: .html
    Skipping link http://python-distribute.org/distribute_setup.py (from https://pypi.python.org/simple/pyside/); unknown archive format: .py
    Skipping link http://python.org/download/releases/2.7.3/ (from https://pypi.python.org/simple/pyside/); unknown archive format: .3
    Skipping link http://qt-project.org/doc/qt-4.8/install-mac.html (from https://pypi.python.org/simple/pyside/); unknown archive format: .html
    Skipping link http://qt-project.org/wiki/PySide_Binaries_Windows (from https://pypi.python.org/simple/pyside/); not a file
    Skipping link http://qt-project.org/wiki/jom (from https://pypi.python.org/simple/pyside/); not a file
    Skipping link http://qt.gitorious.org/pyside (from https://pypi.python.org/simple/pyside/); not a file
    Skipping link http://releases.qt-project.org/pyside/ (from https://pypi.python.org/simple/pyside/); not a file
    Skipping link http://releases.qt-project.org/pyside/1.1.1/ (from https://pypi.python.org/simple/pyside/); unknown archive format: .1
    Skipping link http://releases.qt-project.org/qt4/source/qt-win-opensource-4.8.4-vs2008.exe (from https://pypi.python.org/simple/pyside/); unknown archive format: .exe
    Skipping link http://slproweb.com/products/Win32OpenSSL.html (from https://pypi.python.org/simple/pyside/); unknown archive format: .html
    Skipping link http://www.cmake.org/cmake/resources/software.html (from https://pypi.python.org/simple/pyside/); unknown archive format: .html
    Skipping link http://www.microsoft.com/en-us/download/details.aspx?id=3138 (from https://pypi.python.org/simple/pyside/); unknown archive format: .aspx
    Skipping link http://www.microsoft.com/en-us/download/details.aspx?id=8279 (from https://pypi.python.org/simple/pyside/); unknown archive format: .aspx
    Skipping link http://www.microsoft.com/express/Downloads/ (from https://pypi.python.org/simple/pyside/); not a file
    Skipping link http://www.microsoft.com/visualstudio/eng/products/visual-studio-2010-express (from https://pypi.python.org/simple/pyside/); not a file
    Skipping link http://www.pyside.org (from https://pypi.python.org/simple/pyside/); not a file
    Skipping link http://www.pyside.org/docs/pseps/psep-0001.html (from https://pypi.python.org/simple/pyside/); unknown archive format: .html
    Skipping link http://www.pyside.org/files/ (from https://pypi.python.org/simple/pyside/); not a file
    Skipping link http://www.pyside.org/files/pkg/ (from https://pypi.python.org/simple/pyside/); not a file
    Skipping link http://www.python.org/download/ (from https://pypi.python.org/simple/pyside/); not a file
    Skipping link https://bootstrap.pypa.io/get-pip.py (from https://pypi.python.org/simple/pyside/); unknown archive format: .py
    Skipping link https://bugreports.qt-project.org/browse/PYSIDE (from https://pypi.python.org/simple/pyside/); not a file
    Skipping link https://download.qt-project.org/official_releases/pyside/ (from https://pypi.python.org/simple/pyside/); not a file
    Skipping https://pypi.python.org/packages/source/P/PySide/PySide-1.2.1.tar.gz (from https://pypi.python.org/simple/pyside/) because it is externally hosted.
    Skipping link https://pypi.python.org/pypi/PySide/ (from https://pypi.python.org/simple/pyside/); not a file
    Skipping link https://raw.github.com/pypa/pip/master/contrib/get-pip.py (from https://pypi.python.org/simple/pyside/); unknown archive format: .py
  Not searching http://download.qt-project.org/official_releases/pyside/ (from https://pypi.python.org/simple/pyside/) for files because external urls are disallowed.
  Not searching http://releases.qt-project.org/pyside/ (from https://pypi.python.org/simple/pyside/) for files because external urls are disallowed.
  Not searching http://releases.qt-project.org/pyside/1.1.1/ (from https://pypi.python.org/simple/pyside/) for files because external urls are disallowed.
  Not searching http://www.pyside.org (from https://pypi.python.org/simple/pyside/) for files because external urls are disallowed.
  Not searching http://www.pyside.org (from https://pypi.python.org/simple/pyside/) for files because external urls are disallowed.
  Not searching http://www.pyside.org (from https://pypi.python.org/simple/pyside/) for files because external urls are disallowed.
  Not searching http://www.pyside.org (from https://pypi.python.org/simple/pyside/) for files because external urls are disallowed.
  Not searching http://www.pyside.org (from https://pypi.python.org/simple/pyside/) for files because external urls are disallowed.
  Not searching http://www.pyside.org (from https://pypi.python.org/simple/pyside/) for files because external urls are disallowed.
  Not searching http://www.pyside.org (from https://pypi.python.org/simple/pyside/) for files because external urls are disallowed.
  Not searching http://www.pyside.org (from https://pypi.python.org/simple/pyside/) for files because external urls are disallowed.
  Not searching http://www.pyside.org (from https://pypi.python.org/simple/pyside/) for files because external urls are disallowed.
  Not searching http://www.pyside.org (from https://pypi.python.org/simple/pyside/) for files because external urls are disallowed.
  Not searching http://www.pyside.org (from https://pypi.python.org/simple/pyside/) for files because external urls are disallowed.
  Not searching http://www.pyside.org (from https://pypi.python.org/simple/pyside/) for files because external urls are disallowed.
  Not searching http://www.pyside.org (from https://pypi.python.org/simple/pyside/) for files because external urls are disallowed.
  Not searching http://www.pyside.org (from https://pypi.python.org/simple/pyside/) for files because external urls are disallowed.
  Not searching http://www.pyside.org (from https://pypi.python.org/simple/pyside/) for files because external urls are disallowed.
  Not searching http://www.pyside.org (from https://pypi.python.org/simple/pyside/) for files because external urls are disallowed.
  Not searching http://www.pyside.org/files/ (from https://pypi.python.org/simple/pyside/) for files because external urls are disallowed.
  Not searching http://www.pyside.org/files/ (from https://pypi.python.org/simple/pyside/) for files because external urls are disallowed.
  Not searching http://www.pyside.org/files/ (from https://pypi.python.org/simple/pyside/) for files because external urls are disallowed.
  Not searching http://www.pyside.org/files/ (from https://pypi.python.org/simple/pyside/) for files because external urls are disallowed.
  Not searching http://www.pyside.org/files/ (from https://pypi.python.org/simple/pyside/) for files because external urls are disallowed.
  Not searching http://www.pyside.org/files/ (from https://pypi.python.org/simple/pyside/) for files because external urls are disallowed.
  Not searching http://www.pyside.org/files/ (from https://pypi.python.org/simple/pyside/) for files because external urls are disallowed.
  Not searching http://www.pyside.org/files/ (from https://pypi.python.org/simple/pyside/) for files because external urls are disallowed.
  Not searching http://www.pyside.org/files/pkg/ (from https://pypi.python.org/simple/pyside/) for files because external urls are disallowed.
  Not searching http://www.pyside.org/files/pkg/ (from https://pypi.python.org/simple/pyside/) for files because external urls are disallowed.
  Not searching https://download.qt-project.org/official_releases/pyside/ (from https://pypi.python.org/simple/pyside/) for files because external urls are disallowed.
  Not searching https://download.qt-project.org/official_releases/pyside/ (from https://pypi.python.org/simple/pyside/) for files because external urls are disallowed.
  Using version 1.2.2 (newest of versions: 1.2.2, 1.2.1, 1.2.0, 1.1.2, 1.1.1)
  Downloading from URL https://pypi.python.org/packages/source/P/PySide/PySide-1.2.2.tar.gz#md5=c45bc400c8a86d6b35f34c29e379e44d (from https://pypi.python.org/simple/pyside/)
  Running setup.py (path:/private/var/folders/yd/x0qswdhn73vgkpgh_vxlhsx80000gn/T/pip_build_Angelica/PySide/setup.py) egg_info for package PySide
    Removing /private/var/folders/yd/x0qswdhn73vgkpgh_vxlhsx80000gn/T/pip_build_Angelica/PySide/pyside_package
    running egg_info
    creating pip-egg-info/PySide.egg-info
    writing pip-egg-info/PySide.egg-info/PKG-INFO
    writing top-level names to pip-egg-info/PySide.egg-info/top_level.txt
    writing dependency_links to pip-egg-info/PySide.egg-info/dependency_links.txt
    writing entry points to pip-egg-info/PySide.egg-info/entry_points.txt
    writing manifest file 'pip-egg-info/PySide.egg-info/SOURCES.txt'
    warning: manifest_maker: standard file '-c' not found
    
    package init file 'pyside_package/PySide/__init__.py' not found (or not a regular file)
    package init file 'pyside_package/pysideuic/__init__.py' not found (or not a regular file)
    reading manifest file 'pip-egg-info/PySide.egg-info/SOURCES.txt'
    reading manifest template 'MANIFEST.in'
    warning: no previously-included files matching '**' found under directory 'sources/pyside-examples/examples/hyperui'
    warning: no previously-included files matching '**' found under directory 'sources/pyside-examples/mobility'
    warning: no previously-included files matching '**' found under directory 'sources/shiboken/.git'
    warning: no previously-included files matching '**' found under directory 'sources/pyside/.git'
    warning: no previously-included files matching '**' found under directory 'sources/pyside-tools/.git'
    warning: no previously-included files matching '**' found under directory 'sources/pyside-examples/.git'
    warning: no files found matching '**' under directory 'pyside_package/PySide'
    warning: no files found matching '**' under directory 'pyside_package/PySide/docs'
    warning: no files found matching '**' under directory 'pyside_package/PySide/plugins'
    warning: no files found matching '**' under directory 'pyside_package/PySide/imports'
    warning: no files found matching '**' under directory 'pyside_package/PySide/translations'
    warning: no files found matching '**' under directory 'pyside_package/PySide/include'
    warning: no files found matching '**' under directory 'pyside_package/PySide/typesystems'
    warning: no files found matching '**' under directory 'pyside_package/PySide/examples'
    warning: no files found matching '**' under directory 'pyside_package/pysideuic'
    warning: no files found matching '**' under directory 'pyside_package/pysideuic/Compiler'
    warning: no files found matching '**' under directory 'pyside_package/pysideuic/port_v2'
    warning: no files found matching '**' under directory 'pyside_package/pysideuic/port_v3'
    warning: no files found matching '**' under directory 'pyside_package/pysideuic/widget-plugins'
    writing manifest file 'pip-egg-info/PySide.egg-info/SOURCES.txt'
  Source in /private/var/folders/yd/x0qswdhn73vgkpgh_vxlhsx80000gn/T/pip_build_Angelica/PySide has version 1.2.2, which satisfies requirement PySide
Installing collected packages: PySide
  Running setup.py install for PySide
    Running command /Users/Angelica/anaconda/bin/python -c "import setuptools, tokenize;__file__='/private/var/folders/yd/x0qswdhn73vgkpgh_vxlhsx80000gn/T/pip_build_Angelica/PySide/setup.py';exec(compile(getattr(tokenize, 'open', open)(__file__).read().replace('\r\n', '\n'), __file__, 'exec'))" install --record /var/folders/yd/x0qswdhn73vgkpgh_vxlhsx80000gn/T/pip-bum1UP-record/install-record.txt --single-version-externally-managed --compile
    Removing /private/var/folders/yd/x0qswdhn73vgkpgh_vxlhsx80000gn/T/pip_build_Angelica/PySide/pyside_package
    running install
    running build
    Python architecture is 64bit
    error: Failed to find cmake. Please specify the path to cmake with --cmake parameter.
    Complete output from command /Users/Angelica/anaconda/bin/python -c "import setuptools, tokenize;__file__='/private/var/folders/yd/x0qswdhn73vgkpgh_vxlhsx80000gn/T/pip_build_Angelica/PySide/setup.py';exec(compile(getattr(tokenize, 'open', open)(__file__).read().replace('\r\n', '\n'), __file__, 'exec'))" install --record /var/folders/yd/x0qswdhn73vgkpgh_vxlhsx80000gn/T/pip-bum1UP-record/install-record.txt --single-version-externally-managed --compile:
    Removing /private/var/folders/yd/x0qswdhn73vgkpgh_vxlhsx80000gn/T/pip_build_Angelica/PySide/pyside_package

running install

running build

Python architecture is 64bit

error: Failed to find cmake. Please specify the path to cmake with --cmake parameter.

----------------------------------------
Cleaning up...
  Removing temporary dir /private/var/folders/yd/x0qswdhn73vgkpgh_vxlhsx80000gn/T/pip_build_Angelica...
Command /Users/Angelica/anaconda/bin/python -c "import setuptools, tokenize;__file__='/private/var/folders/yd/x0qswdhn73vgkpgh_vxlhsx80000gn/T/pip_build_Angelica/PySide/setup.py';exec(compile(getattr(tokenize, 'open', open)(__file__).read().replace('\r\n', '\n'), __file__, 'exec'))" install --record /var/folders/yd/x0qswdhn73vgkpgh_vxlhsx80000gn/T/pip-bum1UP-record/install-record.txt --single-version-externally-managed --compile failed with error code 1 in /private/var/folders/yd/x0qswdhn73vgkpgh_vxlhsx80000gn/T/pip_build_Angelica/PySide
Exception information:
Traceback (most recent call last):
  File "/Users/Angelica/anaconda/lib/python2.7/site-packages/pip/basecommand.py", line 122, in main
    status = self.run(options, args)
  File "/Users/Angelica/anaconda/lib/python2.7/site-packages/pip/commands/install.py", line 283, in run
    requirement_set.install(install_options, global_options, root=options.root_path)
  File "/Users/Angelica/anaconda/lib/python2.7/site-packages/pip/req.py", line 1435, in install
    requirement.install(install_options, global_options, *args, **kwargs)
  File "/Users/Angelica/anaconda/lib/python2.7/site-packages/pip/req.py", line 706, in install
    cwd=self.source_dir, filter_stdout=self._filter_install, show_stdout=False)
  File "/Users/Angelica/anaconda/lib/python2.7/site-packages/pip/util.py", line 697, in call_subprocess
    % (command_desc, proc.returncode, cwd))
InstallationError: Command /Users/Angelica/anaconda/bin/python -c "import setuptools, tokenize;__file__='/private/var/folders/yd/x0qswdhn73vgkpgh_vxlhsx80000gn/T/pip_build_Angelica/PySide/setup.py';exec(compile(getattr(tokenize, 'open', open)(__file__).read().replace('\r\n', '\n'), __file__, 'exec'))" install --record /var/folders/yd/x0qswdhn73vgkpgh_vxlhsx80000gn/T/pip-bum1UP-record/install-record.txt --single-version-externally-managed --compile failed with error code 1 in /private/var/folders/yd/x0qswdhn73vgkpgh_vxlhsx80000gn/T/pip_build_Angelica/PySide
